<?xml version="1.0" encoding="UTF-8"?>
<!-- Generated by org.testng.reporters.JUnitReportReporter -->
<testsuite skipped="0" hostname="Kedars-MacBook-Pro.local" name="TestNG.NewTest" tests="2" failures="0" timestamp="31 Jul 2019 07:19:53 GMT" time="12.658" errors="0">
  <testcase name="verifyUrl" time="5.860" classname="TestNG.NewTest"/>
  <testcase name="verifyTitle" time="6.798" classname="TestNG.NewTest"/>
</testsuite> <!-- TestNG.NewTest -->
